<?xml version="1.0" encoding="UTF-8" ?>
<testsuite tests="5" failures="4" name="fi.tuni.prog3.sisuTest.SisuTestFxTest" time="0" errors="0" skipped="0">
  <properties>
[...]
</properties>
  <testcase classname="fi.tuni.prog3.sisuTest.SisuTestFxTest" name="fi.tuni.prog3.sisuTest.SisuTestFxTest.testLogOut" time="0">
    <failure message="the query &quot;#newStudentButton&quot; returned no nodes." type="org.testfx.api.FxRobotException">org.testfx.api.FxRobotException: the query &quot;#newStudentButton&quot; returned no nodes.
	at org.testfx.api.FxRobot.queryVisibleNode(FxRobot.java:949)
	at org.testfx.api.FxRobot.pointOfVisibleNode(FxRobot.java:922)
	at org.testfx.api.FxRobot.clickOn(FxRobot.java:630)
	at org.testfx.api.FxRobot.clickOn(FxRobot.java:59)
	at org.testfx.api.FxRobotInterface.clickOn(FxRobotInterface.java:639)
	at fi.tuni.prog3.sisuTest.SisuTestFxTest.goToMainMenu(SisuTestFxTest.java:121)
	at fi.tuni.prog3.sisuTest.SisuTestFxTest.testLogOut(SisuTestFxTest.java:143)
</failure>
  </testcase>
  <testcase classname="fi.tuni.prog3.sisuTest.SisuTestFxTest" name="fi.tuni.prog3.sisuTest.SisuTestFxTest.testNewStudentSceneElements" time="0">
    <failure message="the query &quot;#newStudentButton&quot; returned no nodes." type="org.testfx.api.FxRobotException">org.testfx.api.FxRobotException: the query &quot;#newStudentButton&quot; returned no nodes.
	at org.testfx.api.FxRobot.queryVisibleNode(FxRobot.java:949)
	at org.testfx.api.FxRobot.pointOfVisibleNode(FxRobot.java:922)
	at org.testfx.api.FxRobot.clickOn(FxRobot.java:630)
	at org.testfx.api.FxRobot.clickOn(FxRobot.java:59)
	at org.testfx.api.FxRobotInterface.clickOn(FxRobotInterface.java:639)
	at fi.tuni.prog3.sisuTest.SisuTestFxTest.testNewStudentSceneElements(SisuTestFxTest.java:68)
</failure>
  </testcase>
  <testcase classname="fi.tuni.prog3.sisuTest.SisuTestFxTest" name="fi.tuni.prog3.sisuTest.SisuTestFxTest.testAllElementsOneByOne" time="0"/>
  <testcase classname="fi.tuni.prog3.sisuTest.SisuTestFxTest" name="fi.tuni.prog3.sisuTest.SisuTestFxTest.testCourseTabElements" time="0">
    <failure message="the query &quot;#newStudentButton&quot; returned no nodes." type="org.testfx.api.FxRobotException">org.testfx.api.FxRobotException: the query &quot;#newStudentButton&quot; returned no nodes.
	at org.testfx.api.FxRobot.queryVisibleNode(FxRobot.java:949)
	at org.testfx.api.FxRobot.pointOfVisibleNode(FxRobot.java:922)
	at org.testfx.api.FxRobot.clickOn(FxRobot.java:630)
	at org.testfx.api.FxRobot.clickOn(FxRobot.java:59)
	at org.testfx.api.FxRobotInterface.clickOn(FxRobotInterface.java:639)
	at fi.tuni.prog3.sisuTest.SisuTestFxTest.goToMainMenu(SisuTestFxTest.java:121)
	at fi.tuni.prog3.sisuTest.SisuTestFxTest.testCourseTabElements(SisuTestFxTest.java:106)
</failure>
  </testcase>
  <testcase classname="fi.tuni.prog3.sisuTest.SisuTestFxTest" name="fi.tuni.prog3.sisuTest.SisuTestFxTest.testLogInStageElements" time="0">
    <failure message="there is no node in the scene-graph matching the query: NodeQuery: from nodes: [],
lookup by function: &quot;org.testfx.util.NodeQueryUtils$$Lambda$9/0x0000000800c35a80@cc285f4&quot;,
lookup by selector: &quot;#logInLabel&quot;" type="org.testfx.service.query.EmptyNodeQueryException">org.testfx.service.query.EmptyNodeQueryException: there is no node in the scene-graph matching the query: NodeQuery: from nodes: [],
lookup by function: &quot;org.testfx.util.NodeQueryUtils$$Lambda$9/0x0000000800c35a80@cc285f4&quot;,
lookup by selector: &quot;#logInLabel&quot;
	at org.testfx.service.query.impl.NodeQueryImpl.query(NodeQueryImpl.java:132)
	at org.testfx.api.FxAssert.toNode(FxAssert.java:168)
	at org.testfx.api.FxAssert.verifyThat(FxAssert.java:71)
	at fi.tuni.prog3.sisuTest.SisuTestFxTest.testLogInStageElements(SisuTestFxTest.java:58)
</failure>
  </testcase>
</testsuite>