<?xml version="1.0" encoding="UTF-8" ?>
<testsuite tests="5" failures="4" name="fi.tuni.prog3.sisuTest.SisuTestFxTest" time="0" errors="0" skipped="0">
  <properties>
    <property name="idea.version" value="2021.3.1"/>
    <property name="java.runtime.name" value="Java(TM) SE Runtime Environment"/>
    <property name="java.vm.version" value="17.0.1+12-LTS-39"/>
    <property name="sun.boot.library.path" value="C:\Program Files\Java\jdk-17.0.1\bin"/>
    <property name="maven.multiModuleProjectDirectory" value="C:\Users\Pelaaja\coding-monkes\Sisu"/>
    <property name="java.vm.vendor" value="Oracle Corporation"/>
    <property name="java.vendor.url" value="https://java.oracle.com/"/>
    <property name="guice.disable.misplaced.annotation.check" value="true"/>
    <property name="path.separator" value=";"/>
    <property name="java.vm.name" value="Java HotSpot(TM) 64-Bit Server VM"/>
    <property name="sun.os.patch.level" value=""/>
    <property name="user.script" value=""/>
    <property name="user.country" value="FI"/>
    <property name="sun.java.launcher" value="SUN_STANDARD"/>
    <property name="java.vm.specification.name" value="Java Virtual Machine Specification"/>
    <property name="user.dir" value="C:\Users\Pelaaja\coding-monkes\Sisu"/>
    <property name="java.vm.compressedOopsMode" value="Zero based"/>
    <property name="java.runtime.version" value="17.0.1+12-LTS-39"/>
    <property name="os.arch" value="amd64"/>
    <property name="java.io.tmpdir" value="C:\Users\Pelaaja\AppData\Local\Temp\"/>
    <property name="line.separator" value="
"/>
    <property name="java.vm.specification.vendor" value="Oracle Corporation"/>
    <property name="user.variant" value=""/>
    <property name="os.name" value="Windows 10"/>
    <property name="maven.ext.class.path" value="C:\Program Files\JetBrains\IntelliJ IDEA Community Edition 2021.3.1\plugins\maven\lib\maven-event-listener.jar"/>
    <property name="classworlds.conf" value="C:\Program Files\JetBrains\IntelliJ IDEA Community Edition 2021.3.1\plugins\maven\lib\maven3\bin\m2.conf"/>
    <property name="sun.jnu.encoding" value="Cp1252"/>
    <property name="java.library.path" value="C:\Program Files\Java\jdk-17.0.1\bin;C:\Windows\Sun\Java\bin;C:\Windows\system32;C:\Windows;C:\Program Files\Common Files\Oracle\Java\javapath;C:\Windows\system32;C:\Windows;C:\Windows\System32\Wbem;C:\Windows\System32\WindowsPowerShell\v1.0\;C:\Windows\System32\OpenSSH\;C:\Program Files (x86)\NVIDIA Corporation\PhysX\Common;C:\Program Files\Git\cmd;C:\Program Files (x86)\Common Files\Intel\Shared Libraries\redist\intel64_win\compiler;C:\Users\Pelaaja\AppData\Local\Microsoft\WindowsApps;;C:\Users\Pelaaja\AppData\Local\Programs\Microsoft VS Code\bin;."/>
    <property name="maven.conf" value="C:\Program Files\JetBrains\IntelliJ IDEA Community Edition 2021.3.1\plugins\maven\lib\maven3/conf"/>
    <property name="jdk.debug" value="release"/>
    <property name="java.class.version" value="61.0"/>
    <property name="java.specification.name" value="Java Platform API Specification"/>
    <property name="sun.management.compiler" value="HotSpot 64-Bit Tiered Compilers"/>
    <property name="os.version" value="10.0"/>
    <property name="user.home" value="C:\Users\Pelaaja"/>
    <property name="user.timezone" value="Europe/Helsinki"/>
    <property name="file.encoding" value="UTF-8"/>
    <property name="java.specification.version" value="17"/>
    <property name="user.name" value="Pelaaja"/>
    <property name="java.class.path" value="C:\Program Files\JetBrains\IntelliJ IDEA Community Edition 2021.3.1\plugins\maven\lib\maven3\boot\plexus-classworlds-2.6.0.jar;C:\Program Files\JetBrains\IntelliJ IDEA Community Edition 2021.3.1\plugins\maven\lib\maven3\boot\plexus-classworlds.license"/>
    <property name="java.vm.specification.version" value="17"/>
    <property name="sun.arch.data.model" value="64"/>
    <property name="sun.java.command" value="org.codehaus.classworlds.Launcher -Didea.version=2021.3.1 test"/>
    <property name="java.home" value="C:\Program Files\Java\jdk-17.0.1"/>
    <property name="user.language" value="fi"/>
    <property name="java.specification.vendor" value="Oracle Corporation"/>
    <property name="java.vm.info" value="mixed mode, sharing"/>
    <property name="java.version" value="17.0.1"/>
    <property name="native.encoding" value="Cp1252"/>
    <property name="java.vendor" value="Oracle Corporation"/>
    <property name="maven.home" value="C:\Program Files\JetBrains\IntelliJ IDEA Community Edition 2021.3.1\plugins\maven\lib\maven3"/>
    <property name="file.separator" value="\"/>
    <property name="java.version.date" value="2021-10-19"/>
    <property name="java.vendor.url.bug" value="https://bugreport.java.com/bugreport/"/>
    <property name="sun.io.unicode.encoding" value="UnicodeLittle"/>
    <property name="sun.cpu.endian" value="little"/>
    <property name="sun.cpu.isalist" value="amd64"/>
  </properties>
  <testcase classname="fi.tuni.prog3.sisuTest.SisuTestFxTest" name="fi.tuni.prog3.sisuTest.SisuTestFxTest.testLogOut" time="0">
    <failure message="the query &quot;#newStudentButton&quot; returned no nodes." type="org.testfx.api.FxRobotException">org.testfx.api.FxRobotException: the query &quot;#newStudentButton&quot; returned no nodes.
	at org.testfx.api.FxRobot.queryVisibleNode(FxRobot.java:949)
	at org.testfx.api.FxRobot.pointOfVisibleNode(FxRobot.java:922)
	at org.testfx.api.FxRobot.clickOn(FxRobot.java:630)
	at org.testfx.api.FxRobot.clickOn(FxRobot.java:59)
	at org.testfx.api.FxRobotInterface.clickOn(FxRobotInterface.java:639)
	at fi.tuni.prog3.sisuTest.SisuTestFxTest.goToMainMenu(SisuTestFxTest.java:121)
	at fi.tuni.prog3.sisuTest.SisuTestFxTest.testLogOut(SisuTestFxTest.java:143)
</failure>
  </testcase>
  <testcase classname="fi.tuni.prog3.sisuTest.SisuTestFxTest" name="fi.tuni.prog3.sisuTest.SisuTestFxTest.testNewStudentSceneElements" time="0">
    <failure message="the query &quot;#newStudentButton&quot; returned no nodes." type="org.testfx.api.FxRobotException">org.testfx.api.FxRobotException: the query &quot;#newStudentButton&quot; returned no nodes.
	at org.testfx.api.FxRobot.queryVisibleNode(FxRobot.java:949)
	at org.testfx.api.FxRobot.pointOfVisibleNode(FxRobot.java:922)
	at org.testfx.api.FxRobot.clickOn(FxRobot.java:630)
	at org.testfx.api.FxRobot.clickOn(FxRobot.java:59)
	at org.testfx.api.FxRobotInterface.clickOn(FxRobotInterface.java:639)
	at fi.tuni.prog3.sisuTest.SisuTestFxTest.testNewStudentSceneElements(SisuTestFxTest.java:68)
</failure>
  </testcase>
  <testcase classname="fi.tuni.prog3.sisuTest.SisuTestFxTest" name="fi.tuni.prog3.sisuTest.SisuTestFxTest.testAllElementsOneByOne" time="0"/>
  <testcase classname="fi.tuni.prog3.sisuTest.SisuTestFxTest" name="fi.tuni.prog3.sisuTest.SisuTestFxTest.testCourseTabElements" time="0">
    <failure message="the query &quot;#newStudentButton&quot; returned no nodes." type="org.testfx.api.FxRobotException">org.testfx.api.FxRobotException: the query &quot;#newStudentButton&quot; returned no nodes.
	at org.testfx.api.FxRobot.queryVisibleNode(FxRobot.java:949)
	at org.testfx.api.FxRobot.pointOfVisibleNode(FxRobot.java:922)
	at org.testfx.api.FxRobot.clickOn(FxRobot.java:630)
	at org.testfx.api.FxRobot.clickOn(FxRobot.java:59)
	at org.testfx.api.FxRobotInterface.clickOn(FxRobotInterface.java:639)
	at fi.tuni.prog3.sisuTest.SisuTestFxTest.goToMainMenu(SisuTestFxTest.java:121)
	at fi.tuni.prog3.sisuTest.SisuTestFxTest.testCourseTabElements(SisuTestFxTest.java:106)
</failure>
  </testcase>
  <testcase classname="fi.tuni.prog3.sisuTest.SisuTestFxTest" name="fi.tuni.prog3.sisuTest.SisuTestFxTest.testLogInStageElements" time="0">
    <failure message="there is no node in the scene-graph matching the query: NodeQuery: from nodes: [],
lookup by function: &quot;org.testfx.util.NodeQueryUtils$$Lambda$9/0x0000000800c35a80@cc285f4&quot;,
lookup by selector: &quot;#logInLabel&quot;" type="org.testfx.service.query.EmptyNodeQueryException">org.testfx.service.query.EmptyNodeQueryException: there is no node in the scene-graph matching the query: NodeQuery: from nodes: [],
lookup by function: &quot;org.testfx.util.NodeQueryUtils$$Lambda$9/0x0000000800c35a80@cc285f4&quot;,
lookup by selector: &quot;#logInLabel&quot;
	at org.testfx.service.query.impl.NodeQueryImpl.query(NodeQueryImpl.java:132)
	at org.testfx.api.FxAssert.toNode(FxAssert.java:168)
	at org.testfx.api.FxAssert.verifyThat(FxAssert.java:71)
	at fi.tuni.prog3.sisuTest.SisuTestFxTest.testLogInStageElements(SisuTestFxTest.java:58)
</failure>
  </testcase>
</testsuite>